# JRE version: OpenJDK Runtime Environment Temurin-21.0.10+7 (21.0.10+7) (build 21.0.10+7-LTS)
# Java VM: OpenJDK 64-Bit Server VM Temurin-21.0.10+7 (21.0.10+7-LTS, mixed mode, sharing, tiered, compressed oops, compressed class ptrs, parallel gc, windows-amd64)
GC Precious Log:
 CardTable entry size: 512
 CPUs: 20 total, 20 available
 Memory: 16056M
 Large Page Support: Disabled
 NUMA Support: Disabled
 Compressed Oops: Enabled (32-bit)
 Alignments: Space 512K, Generation 512K, Heap 2M
 Heap Min Capacity: 100M
 Heap Initial Capacity: 100M
 Heap Max Capacity: 2G
 Pre-touch: Disabled
 Parallel Workers: 15
Heap:
 PSYoungGen      total 14848K, used 6001K [0x00000000d5580000, 0x00000000d6700000, 0x0000000100000000)
  eden space 10240K, 42% used [0x00000000d5580000,0x00000000d59c47a8,0x00000000d5f80000)
  from space 4608K, 35% used [0x00000000d5f80000,0x00000000d6118010,0x00000000d6400000)
  to   space 2560K, 0% used [0x00000000d6480000,0x00000000d6480000,0x00000000d6700000)
 ParOldGen       total 232448K, used 133859K [0x0000000080000000, 0x000000008e300000, 0x00000000d5580000)
  object space 232448K, 57% used [0x0000000080000000,0x00000000882b8d98,0x000000008e300000)
 Metaspace       used 75248K, committed 76864K, reserved 1179648K
  class space    used 7657K, committed 8384K, reserved 1048576K
GC Heap History (20 events):
Event: 93.827 GC heap before
{Heap before GC invocations=252 (full 3):
 PSYoungGen      total 15360K, used 15232K [0x00000000d5580000, 0x00000000d6580000, 0x0000000100000000)
  eden space 14848K, 100% used [0x00000000d5580000,0x00000000d6400000,0x00000000d6400000)
  from space 512K, 75% used [0x00000000d6500000,0x00000000d6560000,0x00000000d6580000)
  to   space 512K, 0% used [0x00000000d6480000,0x00000000d6480000,0x00000000d6500000)
 ParOldGen       total 223744K, used 223491K [0x0000000080000000, 0x000000008da80000, 0x00000000d5580000)
  object space 223744K, 99% used [0x0000000080000000,0x000000008da40f08,0x000000008da80000)
 Metaspace       used 72668K, committed 74240K, reserved 1179648K
  class space    used 7514K, committed 8192K, reserved 1048576K
}
Event: 93.831 GC heap after
{Heap after GC invocations=252 (full 3):
 PSYoungGen      total 15360K, used 488K [0x00000000d5580000, 0x00000000d6800000, 0x0000000100000000)
  eden space 14848K, 0% used [0x00000000d5580000,0x00000000d5580000,0x00000000d6400000)
  from space 512K, 95% used [0x00000000d6480000,0x00000000d64fa010,0x00000000d6500000)
  to   space 2048K, 0% used [0x00000000d6600000,0x00000000d6600000,0x00000000d6800000)
 ParOldGen       total 224768K, used 224679K [0x0000000080000000, 0x000000008db80000, 0x00000000d5580000)
  object space 224768K, 99% used [0x0000000080000000,0x000000008db69f38,0x000000008db80000)
 Metaspace       used 72668K, committed 74240K, reserved 1179648K
  class space    used 7514K, committed 8192K, reserved 1048576K
}
Event: 371.555 GC heap before
{Heap before GC invocations=253 (full 3):
 PSYoungGen      total 15360K, used 15336K [0x00000000d5580000, 0x00000000d6800000, 0x0000000100000000)
  eden space 14848K, 100% used [0x00000000d5580000,0x00000000d6400000,0x00000000d6400000)
  from space 512K, 95% used [0x00000000d6480000,0x00000000d64fa010,0x00000000d6500000)
  to   space 2048K, 0% used [0x00000000d6600000,0x00000000d6600000,0x00000000d6800000)
 ParOldGen       total 224768K, used 224679K [0x0000000080000000, 0x000000008db80000, 0x00000000d5580000)
  object space 224768K, 99% used [0x0000000080000000,0x000000008db69f38,0x000000008db80000)
 Metaspace       used 74067K, committed 75648K, reserved 1179648K
  class space    used 7618K, committed 8256K, reserved 1048576K
}
Event: 371.558 GC heap after
{Heap after GC invocations=253 (full 3):
 PSYoungGen      total 16384K, used 1472K [0x00000000d5580000, 0x00000000d6780000, 0x0000000100000000)
  eden space 14848K, 0% used [0x00000000d5580000,0x00000000d5580000,0x00000000d6400000)
  from space 1536K, 95% used [0x00000000d6600000,0x00000000d6770020,0x00000000d6780000)
  to   space 1536K, 0% used [0x00000000d6480000,0x00000000d6480000,0x00000000d6600000)
 ParOldGen       total 225280K, used 225188K [0x0000000080000000, 0x000000008dc00000, 0x00000000d5580000)
  object space 225280K, 99% used [0x0000000080000000,0x000000008dbe9128,0x000000008dc00000)
 Metaspace       used 74067K, committed 75648K, reserved 1179648K
  class space    used 7618K, committed 8256K, reserved 1048576K
}
Event: 804662.553 GC heap before
{Heap before GC invocations=254 (full 3):
 PSYoungGen      total 16384K, used 16320K [0x00000000d5580000, 0x00000000d6780000, 0x0000000100000000)
  eden space 14848K, 100% used [0x00000000d5580000,0x00000000d6400000,0x00000000d6400000)
  from space 1536K, 95% used [0x00000000d6600000,0x00000000d6770020,0x00000000d6780000)
  to   space 1536K, 0% used [0x00000000d6480000,0x00000000d6480000,0x00000000d6600000)
 ParOldGen       total 225280K, used 225188K [0x0000000080000000, 0x000000008dc00000, 0x00000000d5580000)
  object space 225280K, 99% used [0x0000000080000000,0x000000008dbe9128,0x000000008dc00000)
 Metaspace       used 74641K, committed 76288K, reserved 1179648K
  class space    used 7659K, committed 8384K, reserved 1048576K
}
Event: 804662.589 GC heap after
{Heap after GC invocations=254 (full 3):
 PSYoungGen      total 16384K, used 1340K [0x00000000d5580000, 0x00000000d6700000, 0x0000000100000000)
  eden space 14848K, 0% used [0x00000000d5580000,0x00000000d5580000,0x00000000d6400000)
  from space 1536K, 87% used [0x00000000d6480000,0x00000000d65cf250,0x00000000d6600000)
  to   space 1024K, 0% used [0x00000000d6600000,0x00000000d6600000,0x00000000d6700000)
 ParOldGen       total 226816K, used 226421K [0x0000000080000000, 0x000000008dd80000, 0x00000000d5580000)
  object space 226816K, 99% used [0x0000000080000000,0x000000008dd1d618,0x000000008dd80000)
 Metaspace       used 74641K, committed 76288K, reserved 1179648K
  class space    used 7659K, committed 8384K, reserved 1048576K
}
Event: 804670.766 GC heap before
{Heap before GC invocations=255 (full 3):
 PSYoungGen      total 16384K, used 16169K [0x00000000d5580000, 0x00000000d6700000, 0x0000000100000000)
  eden space 14848K, 99% used [0x00000000d5580000,0x00000000d63fb388,0x00000000d6400000)
  from space 1536K, 87% used [0x00000000d6480000,0x00000000d65cf250,0x00000000d6600000)
  to   space 1024K, 0% used [0x00000000d6600000,0x00000000d6600000,0x00000000d6700000)
 ParOldGen       total 226816K, used 226421K [0x0000000080000000, 0x000000008dd80000, 0x00000000d5580000)
  object space 226816K, 99% used [0x0000000080000000,0x000000008dd1d618,0x000000008dd80000)
 Metaspace       used 74741K, committed 76416K, reserved 1179648K
  class space    used 7671K, committed 8384K, reserved 1048576K
}
Event: 804670.769 GC heap after
{Heap after GC invocations=255 (full 3):
 PSYoungGen      total 11264K, used 1017K [0x00000000d5580000, 0x00000000d7100000, 0x0000000100000000)
  eden space 10240K, 0% used [0x00000000d5580000,0x00000000d5580000,0x00000000d5f80000)
  from space 1024K, 99% used [0x00000000d6600000,0x00000000d66fe768,0x00000000d6700000)
  to   space 6656K, 0% used [0x00000000d5f80000,0x00000000d5f80000,0x00000000d6600000)
 ParOldGen       total 231424K, used 231129K [0x0000000080000000, 0x000000008e200000, 0x00000000d5580000)
  object space 231424K, 99% used [0x0000000080000000,0x000000008e1b65e8,0x000000008e200000)
 Metaspace       used 74741K, committed 76416K, reserved 1179648K
  class space    used 7671K, committed 8384K, reserved 1048576K
}
Event: 804671.142 GC heap before
{Heap before GC invocations=256 (full 3):
 PSYoungGen      total 11264K, used 8468K [0x00000000d5580000, 0x00000000d7100000, 0x0000000100000000)
  eden space 10240K, 72% used [0x00000000d5580000,0x00000000d5cc68f8,0x00000000d5f80000)
  from space 1024K, 99% used [0x00000000d6600000,0x00000000d66fe768,0x00000000d6700000)
  to   space 6656K, 0% used [0x00000000d5f80000,0x00000000d5f80000,0x00000000d6600000)
 ParOldGen       total 231424K, used 231129K [0x0000000080000000, 0x000000008e200000, 0x00000000d5580000)
  object space 231424K, 99% used [0x0000000080000000,0x000000008e1b65e8,0x000000008e200000)
 Metaspace       used 74842K, committed 76480K, reserved 1179648K
  class space    used 7673K, committed 8384K, reserved 1048576K
}
Event: 804671.145 GC heap after
{Heap after GC invocations=256 (full 3):
 PSYoungGen      total 16896K, used 1408K [0x00000000d5580000, 0x00000000d6a00000, 0x0000000100000000)
  eden space 10240K, 0% used [0x00000000d5580000,0x00000000d5580000,0x00000000d5f80000)
  from space 6656K, 21% used [0x00000000d5f80000,0x00000000d60e0000,0x00000000d6600000)
  to   space 3072K, 0% used [0x00000000d6700000,0x00000000d6700000,0x00000000d6a00000)
 ParOldGen       total 232448K, used 232172K [0x0000000080000000, 0x000000008e300000, 0x00000000d5580000)
  object space 232448K, 99% used [0x0000000080000000,0x000000008e2bb248,0x000000008e300000)
 Metaspace       used 74842K, committed 76480K, reserved 1179648K
  class space    used 7673K, committed 8384K, reserved 1048576K
}
Event: 804671.145 GC heap before
{Heap before GC invocations=257 (full 4):
 PSYoungGen      total 16896K, used 1408K [0x00000000d5580000, 0x00000000d6a00000, 0x0000000100000000)
  eden space 10240K, 0% used [0x00000000d5580000,0x00000000d5580000,0x00000000d5f80000)
  from space 6656K, 21% used [0x00000000d5f80000,0x00000000d60e0000,0x00000000d6600000)
  to   space 3072K, 0% used [0x00000000d6700000,0x00000000d6700000,0x00000000d6a00000)
 ParOldGen       total 232448K, used 232172K [0x0000000080000000, 0x000000008e300000, 0x00000000d5580000)
  object space 232448K, 99% used [0x0000000080000000,0x000000008e2bb248,0x000000008e300000)
 Metaspace       used 74842K, committed 76480K, reserved 1179648K
  class space    used 7673K, committed 8384K, reserved 1048576K
}
Event: 804672.067 GC heap after
{Heap after GC invocations=257 (full 4):
 PSYoungGen      total 16896K, used 0K [0x00000000d5580000, 0x00000000d6a00000, 0x0000000100000000)
  eden space 10240K, 0% used [0x00000000d5580000,0x00000000d5580000,0x00000000d5f80000)
  from space 6656K, 0% used [0x00000000d5f80000,0x00000000d5f80000,0x00000000d6600000)
  to   space 3072K, 0% used [0x00000000d6700000,0x00000000d6700000,0x00000000d6a00000)
 ParOldGen       total 232448K, used 106936K [0x0000000080000000, 0x000000008e300000, 0x00000000d5580000)
  object space 232448K, 46% used [0x0000000080000000,0x000000008686e248,0x000000008e300000)
 Metaspace       used 74347K, committed 76480K, reserved 1179648K
  class space    used 7549K, committed 8384K, reserved 1048576K
}
Event: 804672.163 GC heap before
{Heap before GC invocations=258 (full 4):
 PSYoungGen      total 16896K, used 10240K [0x00000000d5580000, 0x00000000d6a00000, 0x0000000100000000)
  eden space 10240K, 100% used [0x00000000d5580000,0x00000000d5f80000,0x00000000d5f80000)
  from space 6656K, 0% used [0x00000000d5f80000,0x00000000d5f80000,0x00000000d6600000)
  to   space 3072K, 0% used [0x00000000d6700000,0x00000000d6700000,0x00000000d6a00000)
 ParOldGen       total 232448K, used 106936K [0x0000000080000000, 0x000000008e300000, 0x00000000d5580000)
  object space 232448K, 46% used [0x0000000080000000,0x000000008686e248,0x000000008e300000)
 Metaspace       used 74630K, committed 76544K, reserved 1179648K
  class space    used 7574K, committed 8384K, reserved 1048576K
}
Event: 804672.166 GC heap after
{Heap after GC invocations=258 (full 4):
 PSYoungGen      total 11776K, used 1097K [0x00000000d5580000, 0x00000000d6880000, 0x0000000100000000)
  eden space 10240K, 0% used [0x00000000d5580000,0x00000000d5580000,0x00000000d5f80000)
  from space 1536K, 71% used [0x00000000d6700000,0x00000000d6812410,0x00000000d6880000)
  to   space 1536K, 0% used [0x00000000d6580000,0x00000000d6580000,0x00000000d6700000)
 ParOldGen       total 232448K, used 106944K [0x0000000080000000, 0x000000008e300000, 0x00000000d5580000)
  object space 232448K, 46% used [0x0000000080000000,0x0000000086870248,0x000000008e300000)
 Metaspace       used 74630K, committed 76544K, reserved 1179648K
  class space    used 7574K, committed 8384K, reserved 1048576K
}
Event: 804672.340 GC heap before
{Heap before GC invocations=259 (full 4):
 PSYoungGen      total 11776K, used 11337K [0x00000000d5580000, 0x00000000d6880000, 0x0000000100000000)
  eden space 10240K, 100% used [0x00000000d5580000,0x00000000d5f80000,0x00000000d5f80000)
  from space 1536K, 71% used [0x00000000d6700000,0x00000000d6812410,0x00000000d6880000)
  to   space 1536K, 0% used [0x00000000d6580000,0x00000000d6580000,0x00000000d6700000)
 ParOldGen       total 232448K, used 129984K [0x0000000080000000, 0x000000008e300000, 0x00000000d5580000)
  object space 232448K, 55% used [0x0000000080000000,0x0000000087ef0268,0x000000008e300000)
 Metaspace       used 74680K, committed 76608K, reserved 1179648K
  class space    used 7577K, committed 8384K, reserved 1048576K
}
Event: 804672.346 GC heap after
{Heap after GC invocations=259 (full 4):
 PSYoungGen      total 10752K, used 416K [0x00000000d5580000, 0x00000000d6780000, 0x0000000100000000)
  eden space 10240K, 0% used [0x00000000d5580000,0x00000000d5580000,0x00000000d5f80000)
  from space 512K, 81% used [0x00000000d6580000,0x00000000d65e8000,0x00000000d6600000)
  to   space 1024K, 0% used [0x00000000d6680000,0x00000000d6680000,0x00000000d6780000)
 ParOldGen       total 232448K, used 130866K [0x0000000080000000, 0x000000008e300000, 0x00000000d5580000)
  object space 232448K, 56% used [0x0000000080000000,0x0000000087fcca98,0x000000008e300000)
 Metaspace       used 74680K, committed 76608K, reserved 1179648K
  class space    used 7577K, committed 8384K, reserved 1048576K
}
Event: 804696.052 GC heap before
{Heap before GC invocations=260 (full 4):
 PSYoungGen      total 10752K, used 10631K [0x00000000d5580000, 0x00000000d6780000, 0x0000000100000000)
  eden space 10240K, 99% used [0x00000000d5580000,0x00000000d5f79d78,0x00000000d5f80000)
  from space 512K, 81% used [0x00000000d6580000,0x00000000d65e8000,0x00000000d6600000)
  to   space 1024K, 0% used [0x00000000d6680000,0x00000000d6680000,0x00000000d6780000)
 ParOldGen       total 232448K, used 130866K [0x0000000080000000, 0x000000008e300000, 0x00000000d5580000)
  object space 232448K, 56% used [0x0000000080000000,0x0000000087fcca98,0x000000008e300000)
 Metaspace       used 75027K, committed 76800K, reserved 1179648K
  class space    used 7616K, committed 8384K, reserved 1048576K
}
Event: 804696.062 GC heap after
{Heap after GC invocations=260 (full 4):
 PSYoungGen      total 11264K, used 1014K [0x00000000d5580000, 0x00000000d6880000, 0x0000000100000000)
  eden space 10240K, 0% used [0x00000000d5580000,0x00000000d5580000,0x00000000d5f80000)
  from space 1024K, 99% used [0x00000000d6680000,0x00000000d677d9d0,0x00000000d6780000)
  to   space 4608K, 0% used [0x00000000d5f80000,0x00000000d5f80000,0x00000000d6400000)
 ParOldGen       total 232448K, used 133667K [0x0000000080000000, 0x000000008e300000, 0x00000000d5580000)
  object space 232448K, 57% used [0x0000000080000000,0x0000000088288d98,0x000000008e300000)
 Metaspace       used 75027K, committed 76800K, reserved 1179648K
  class space    used 7616K, committed 8384K, reserved 1048576K
}
Event: 804960.779 GC heap before
{Heap before GC invocations=261 (full 4):
 PSYoungGen      total 11264K, used 11254K [0x00000000d5580000, 0x00000000d6880000, 0x0000000100000000)
  eden space 10240K, 100% used [0x00000000d5580000,0x00000000d5f80000,0x00000000d5f80000)
  from space 1024K, 99% used [0x00000000d6680000,0x00000000d677d9d0,0x00000000d6780000)
  to   space 4608K, 0% used [0x00000000d5f80000,0x00000000d5f80000,0x00000000d6400000)
 ParOldGen       total 232448K, used 133667K [0x0000000080000000, 0x000000008e300000, 0x00000000d5580000)
  object space 232448K, 57% used [0x0000000080000000,0x0000000088288d98,0x000000008e300000)
 Metaspace       used 75242K, committed 76864K, reserved 1179648K
  class space    used 7657K, committed 8384K, reserved 1048576K
}
Event: 804960.788 GC heap after
{Heap after GC invocations=261 (full 4):
 PSYoungGen      total 14848K, used 1632K [0x00000000d5580000, 0x00000000d6700000, 0x0000000100000000)
  eden space 10240K, 0% used [0x00000000d5580000,0x00000000d5580000,0x00000000d5f80000)
  from space 4608K, 35% used [0x00000000d5f80000,0x00000000d6118010,0x00000000d6400000)
  to   space 2560K, 0% used [0x00000000d6480000,0x00000000d6480000,0x00000000d6700000)
 ParOldGen       total 232448K, used 133859K [0x0000000080000000, 0x000000008e300000, 0x00000000d5580000)
  object space 232448K, 57% used [0x0000000080000000,0x00000000882b8d98,0x000000008e300000)
 Metaspace       used 75242K, committed 76864K, reserved 1179648K
  class space    used 7657K, committed 8384K, reserved 1048576K
}

